0 info it worked if it ends with ok
1 verbose cli [ 'C:\\Program Files\\nodejs\\node.exe',
1 verbose cli   'C:\\Program Files\\nodejs\\node_modules\\npm\\bin\\npm-cli.js',
1 verbose cli   'unpublish',
1 verbose cli   'zeo-logger',
1 verbose cli   '--force' ]
2 info using npm@3.10.10
3 info using node@v6.11.1
4 warn using --force I sure hope you know what you are doing.
5 silly unpublish args[0] zeo-logger
6 silly unpublish thing Result {
6 silly unpublish   raw: 'zeo-logger',
6 silly unpublish   scope: null,
6 silly unpublish   escapedName: 'zeo-logger',
6 silly unpublish   name: 'zeo-logger',
6 silly unpublish   rawSpec: '',
6 silly unpublish   spec: 'latest',
6 silly unpublish   type: 'tag' }
7 verbose getPublishConfig null
8 silly ls normalized zeo-logger
9 silly gentlyRm C:\Users\baluteju\AppData\Roaming\npm-cache\zeo-logger is being purged
10 verbose gentlyRm don't care about contents; nuking C:\Users\baluteju\AppData\Roaming\npm-cache\zeo-logger
11 silly vacuum-fs purging C:\Users\baluteju\AppData\Roaming\npm-cache\zeo-logger
12 silly vacuum-fs quitting because other entries in C:\Users\baluteju\AppData\Roaming\npm-cache
13 silly mapToRegistry name zeo-logger
14 silly mapToRegistry using default registry
15 silly mapToRegistry registry https://registry.npmjs.org/
16 silly mapToRegistry data Result {
16 silly mapToRegistry   raw: 'zeo-logger',
16 silly mapToRegistry   scope: null,
16 silly mapToRegistry   escapedName: 'zeo-logger',
16 silly mapToRegistry   name: 'zeo-logger',
16 silly mapToRegistry   rawSpec: '',
16 silly mapToRegistry   spec: 'latest',
16 silly mapToRegistry   type: 'tag' }
17 silly mapToRegistry uri https://registry.npmjs.org/zeo-logger
18 verbose get GET as part of write; not caching result
19 verbose request uri https://registry.npmjs.org/zeo-logger?write=true
20 verbose request no auth needed
21 info attempt registry request try #1 at 7:19:34 PM
22 verbose request using bearer token for auth
23 verbose request id a1a8b31aa883166c
24 http request GET https://registry.npmjs.org/zeo-logger?write=true
25 info retry will retry, error on last attempt: Error: getaddrinfo ENOTFOUND registry.npmjs.org registry.npmjs.org:443
26 info attempt registry request try #2 at 7:19:44 PM
27 verbose request using bearer token for auth
28 http request GET https://registry.npmjs.org/zeo-logger?write=true
29 info retry will retry, error on last attempt: Error: getaddrinfo ENOTFOUND registry.npmjs.org registry.npmjs.org:443
30 info attempt registry request try #3 at 7:20:44 PM
31 verbose request using bearer token for auth
32 http request GET https://registry.npmjs.org/zeo-logger?write=true
33 http 200 https://registry.npmjs.org/zeo-logger?write=true
34 verbose headers { server: 'CouchDB/1.5.0 (Erlang OTP/R16B03)',
34 verbose headers   'content-type': 'application/json',
34 verbose headers   etag: '"596a1831-54b"',
34 verbose headers   'content-encoding': 'gzip',
34 verbose headers   'cache-control': 'max-age=0',
34 verbose headers   'transfer-encoding': 'chunked',
34 verbose headers   'accept-ranges': 'bytes',
34 verbose headers   date: 'Sat, 15 Jul 2017 13:50:45 GMT',
34 verbose headers   via: '1.1 varnish',
34 verbose headers   connection: 'keep-alive',
34 verbose headers   'x-served-by': 'cache-sin18028-SIN',
34 verbose headers   'x-cache': 'MISS',
34 verbose headers   'x-cache-hits': '0',
34 verbose headers   'x-timer': 'S1500126644.257212,VS0,VE845',
34 verbose headers   vary: 'Accept-Encoding' }
35 silly get cb [ 200,
35 silly get   { server: 'CouchDB/1.5.0 (Erlang OTP/R16B03)',
35 silly get     'content-type': 'application/json',
35 silly get     etag: '"596a1831-54b"',
35 silly get     'content-encoding': 'gzip',
35 silly get     'cache-control': 'max-age=0',
35 silly get     'transfer-encoding': 'chunked',
35 silly get     'accept-ranges': 'bytes',
35 silly get     date: 'Sat, 15 Jul 2017 13:50:45 GMT',
35 silly get     via: '1.1 varnish',
35 silly get     connection: 'keep-alive',
35 silly get     'x-served-by': 'cache-sin18028-SIN',
35 silly get     'x-cache': 'MISS',
35 silly get     'x-cache-hits': '0',
35 silly get     'x-timer': 'S1500126644.257212,VS0,VE845',
35 silly get     vary: 'Accept-Encoding' } ]
36 verbose get saving zeo-logger to C:\Users\baluteju\AppData\Roaming\npm-cache\registry.npmjs.org\zeo-logger_3Fwrite_3Dtrue\.cache.json
37 verbose correctMkdir C:\Users\baluteju\AppData\Roaming\npm-cache correctMkdir not in flight; initializing
38 info unpublish No version specified, removing all
39 verbose request uri https://registry.npmjs.org/zeo-logger/-rev/1-2392875b11003a458fe2e2fb0664b619
40 verbose request sending authorization for write operation
41 info attempt registry request try #1 at 7:20:45 PM
42 verbose request using bearer token for auth
43 http request DELETE https://registry.npmjs.org/zeo-logger/-rev/1-2392875b11003a458fe2e2fb0664b619
44 info retry will retry, error on last attempt: Error: read ECONNRESET
45 info attempt registry request try #2 at 7:21:29 PM
46 verbose request using bearer token for auth
47 http request DELETE https://registry.npmjs.org/zeo-logger/-rev/1-2392875b11003a458fe2e2fb0664b619
48 info retry will retry, error on last attempt: Error: getaddrinfo ENOTFOUND registry.npmjs.org registry.npmjs.org:443
49 info attempt registry request try #3 at 7:22:40 PM
50 verbose request using bearer token for auth
51 http request DELETE https://registry.npmjs.org/zeo-logger/-rev/1-2392875b11003a458fe2e2fb0664b619
52 http 403 https://registry.npmjs.org/zeo-logger/-rev/1-2392875b11003a458fe2e2fb0664b619
53 verbose headers { 'content-type': 'application/json',
53 verbose headers   'cache-control': 'max-age=300',
53 verbose headers   'content-length': '104',
53 verbose headers   'accept-ranges': 'bytes',
53 verbose headers   date: 'Sat, 15 Jul 2017 13:52:41 GMT',
53 verbose headers   via: '1.1 varnish',
53 verbose headers   connection: 'keep-alive',
53 verbose headers   'x-served-by': 'cache-sin18033-SIN',
53 verbose headers   'x-cache': 'MISS',
53 verbose headers   'x-cache-hits': '0',
53 verbose headers   'x-timer': 'S1500126760.147587,VS0,VE905',
53 verbose headers   vary: 'Accept-Encoding, Accept' }
54 verbose request invalidating C:\Users\baluteju\AppData\Roaming\npm-cache\registry.npmjs.org\zeo-logger on DELETE
55 verbose stack Error: you do not have permission to publish "zeo-logger". Are you logged in as the correct user? : zeo-logger
55 verbose stack     at makeError (C:\Program Files\nodejs\node_modules\npm\node_modules\npm-registry-client\lib\request.js:302:12)
55 verbose stack     at CachingRegistryClient.<anonymous> (C:\Program Files\nodejs\node_modules\npm\node_modules\npm-registry-client\lib\request.js:290:14)
55 verbose stack     at Request._callback (C:\Program Files\nodejs\node_modules\npm\node_modules\npm-registry-client\lib\request.js:210:14)
55 verbose stack     at Request.self.callback (C:\Program Files\nodejs\node_modules\npm\node_modules\request\request.js:187:22)
55 verbose stack     at emitTwo (events.js:106:13)
55 verbose stack     at Request.emit (events.js:191:7)
55 verbose stack     at Request.<anonymous> (C:\Program Files\nodejs\node_modules\npm\node_modules\request\request.js:1048:10)
55 verbose stack     at emitOne (events.js:96:13)
55 verbose stack     at Request.emit (events.js:188:7)
55 verbose stack     at IncomingMessage.<anonymous> (C:\Program Files\nodejs\node_modules\npm\node_modules\request\request.js:969:12)
56 verbose statusCode 403
57 verbose pkgid zeo-logger
58 verbose cwd C:\Projects\zeolearn\courseware\nodejs\nodejs-m2-working-with-modules\code snippets\logger
59 error Windows_NT 10.0.14393
60 error argv "C:\\Program Files\\nodejs\\node.exe" "C:\\Program Files\\nodejs\\node_modules\\npm\\bin\\npm-cli.js" "unpublish" "zeo-logger" "--force"
61 error node v6.11.1
62 error npm  v3.10.10
63 error code E403
64 error you do not have permission to publish "zeo-logger". Are you logged in as the correct user? : zeo-logger
65 error If you need help, you may report this error at:
65 error     <https://github.com/npm/npm/issues>
66 verbose exit [ 1, true ]
